<?xml version="1.0" encoding="UTF-8"?>
<testsuite xmlns:xsi="http://www.w3.org/2001/XMLSchema-instance" xsi:noNamespaceSchemaLocation="https://maven.apache.org/surefire/maven-surefire-plugin/xsd/surefire-test-report-3.0.xsd" version="3.0" name="cucumber.Options.TestRunner" time="4.066" tests="6" errors="0" skipped="0" failures="0">
  <properties>
[...]
</properties>
  <testcase name="Verify user login successfully" classname="User Login and Performed Actions" time="2.814">
    <system-out><![CDATA[resourceName is : api/ecom/auth/login
=======================
eyJhbGciOiJIUzI1NiIsInR5cCI6IkpXVCJ9.eyJfaWQiOiI2NGJmNjNjYjcyNDQ0OTBmOTU4YWVkMGQiLCJ1c2VyRW1haWwiOiJ2aW5lZXRocmVkZHkua0BnbWFpbC5jb20iLCJ1c2VyTW9iaWxlIjo5ODc0NTYxMjMwLCJ1c2VyUm9sZSI6ImN1c3RvbWVyIiwiaWF0IjoxNzQ1MzE0Mjc0LCJleHAiOjE3NzY4NzE4NzR9.52iNgaC9vWtCLfsWpPf4t9uvsro_IzoJpkOfftNGYPw
64bf63cb7244490f958aed0d
]]></system-out>
    <system-err><![CDATA[Apr 22, 2025 3:01:09 PM io.cucumber.core.options.CucumberPropertiesParser lambda$warnWhenCucumberOptionsIsUsed$2
WARNING: Passing commandline options via the property 'cucumber.options' is no longer supported. Please use individual properties instead. See the java doc on io.cucumber.core.options.Constants for details.
]]></system-err>
  </testcase>
  <testcase name="Verify user able to Add product" classname="User Login and Performed Actions" time="0.243">
    <system-out><![CDATA[resourceName is : api/ecom/product/add-product
=======================
64bf63cb7244490f958aed0d
]]></system-out>
  </testcase>
  <testcase name="Verify user is able to add product to cart" classname="User Login and Performed Actions" time="0.109">
    <system-out><![CDATA[resourceName is : api/ecom/user/add-to-cart
]]></system-out>
  </testcase>
  <testcase name="Verify user is able to create an order" classname="User Login and Performed Actions" time="0.184">
    <system-out><![CDATA[resourceName is : api/ecom/order/create-order
Order ID: 680761e3fc76541aad3a67e3
]]></system-out>
  </testcase>
  <testcase name="Verify user is able to view order details" classname="User Login and Performed Actions" time="0.114">
    <system-out><![CDATA[resourceName is : api/ecom/order/get-orders-details
]]></system-out>
  </testcase>
  <testcase name="Verify user is able to delete product" classname="User Login and Performed Actions" time="0.114">
    <system-out><![CDATA[resourceName is : api/ecom/product/delete-product/{productIdKey}
]]></system-out>
  </testcase>
</testsuite>